# JRE version: Java(TM) SE Runtime Environment (8.0_11-b12) (build 1.8.0_11-b12)
# Java VM: Java HotSpot(TM) 64-Bit Server VM (25.11-b03 mixed mode bsd-amd64 compressed oops)
Heap:
 PSYoungGen      total 302080K, used 166445K [0x00000007a0000000, 0x00000007be000000, 0x00000007c0000000)
  eden space 300032K, 55% used [0x00000007a0000000,0x00000007aa28b6d0,0x00000007b2500000)
  from space 2048K, 0% used [0x00000007b2500000,0x00000007b2500000,0x00000007b2700000)
  to   space 95744K, 0% used [0x00000007b8280000,0x00000007b8280000,0x00000007be000000)
 ParOldGen       total 103936K, used 44040K [0x0000000760000000, 0x0000000766580000, 0x00000007a0000000)
  object space 103936K, 42% used [0x0000000760000000,0x0000000762b02210,0x0000000766580000)
 Metaspace       used 76012K, capacity 78524K, committed 78592K, reserved 1118208K
  class space    used 10090K, capacity 10734K, committed 10752K, reserved 1048576K
GC Heap History (10 events):
Event: 3061.662 GC heap before
{Heap before GC invocations=70 (full 13):
 PSYoungGen      total 363008K, used 263168K [0x00000007a0000000, 0x00000007bcb80000, 0x00000007c0000000)
  eden space 263168K, 100% used [0x00000007a0000000,0x00000007b0100000,0x00000007b0100000)
  from space 99840K, 0% used [0x00000007b6400000,0x00000007b6400000,0x00000007bc580000)
  to   space 101376K, 0% used [0x00000007b0100000,0x00000007b0100000,0x00000007b6400000)
 ParOldGen       total 103936K, used 35965K [0x0000000760000000, 0x0000000766580000, 0x00000007a0000000)
  object space 103936K, 34% used [0x0000000760000000,0x000000076231f7f8,0x0000000766580000)
 Metaspace       used 70215K, capacity 72022K, committed 72320K, reserved 1112064K
  class space    used 9370K, capacity 9809K, committed 9856K, reserved 1048576K
Event: 3061.680 GC heap after
Heap after GC invocations=70 (full 13):
 PSYoungGen      total 364544K, used 18007K [0x00000007a0000000, 0x00000007be600000, 0x00000007c0000000)
  eden space 263168K, 0% used [0x00000007a0000000,0x00000007a0000000,0x00000007b0100000)
  from space 101376K, 17% used [0x00000007b0100000,0x00000007b1295fb0,0x00000007b6400000)
  to   space 98816K, 0% used [0x00000007b8580000,0x00000007b8580000,0x00000007be600000)
 ParOldGen       total 103936K, used 35973K [0x0000000760000000, 0x0000000766580000, 0x00000007a0000000)
  object space 103936K, 34% used [0x0000000760000000,0x00000007623217f8,0x0000000766580000)
 Metaspace       used 70215K, capacity 72022K, committed 72320K, reserved 1112064K
  class space    used 9370K, capacity 9809K, committed 9856K, reserved 1048576K
}
Event: 3062.267 GC heap before
{Heap before GC invocations=71 (full 13):
 PSYoungGen      total 364544K, used 66168K [0x00000007a0000000, 0x00000007be600000, 0x00000007c0000000)
  eden space 263168K, 18% used [0x00000007a0000000,0x00000007a2f08270,0x00000007b0100000)
  from space 101376K, 17% used [0x00000007b0100000,0x00000007b1295fb0,0x00000007b6400000)
  to   space 98816K, 0% used [0x00000007b8580000,0x00000007b8580000,0x00000007be600000)
 ParOldGen       total 103936K, used 35973K [0x0000000760000000, 0x0000000766580000, 0x00000007a0000000)
  object space 103936K, 34% used [0x0000000760000000,0x00000007623217f8,0x0000000766580000)
 Metaspace       used 72506K, capacity 74326K, committed 74752K, reserved 1114112K
  class space    used 9689K, capacity 10129K, committed 10240K, reserved 1048576K
Event: 3062.289 GC heap after
Heap after GC invocations=71 (full 13):
 PSYoungGen      total 393728K, used 13032K [0x00000007a0000000, 0x00000007be100000, 0x00000007c0000000)
  eden space 300032K, 0% used [0x00000007a0000000,0x00000007a0000000,0x00000007b2500000)
  from space 93696K, 13% used [0x00000007b8580000,0x00000007b923a2a8,0x00000007be100000)
  to   space 96256K, 0% used [0x00000007b2500000,0x00000007b2500000,0x00000007b8300000)
 ParOldGen       total 103936K, used 35981K [0x0000000760000000, 0x0000000766580000, 0x00000007a0000000)
  object space 103936K, 34% used [0x0000000760000000,0x00000007623237f8,0x0000000766580000)
 Metaspace       used 72506K, capacity 74326K, committed 74752K, reserved 1114112K
  class space    used 9689K, capacity 10129K, committed 10240K, reserved 1048576K
}
Event: 3062.289 GC heap before
{Heap before GC invocations=72 (full 14):
 PSYoungGen      total 393728K, used 13032K [0x00000007a0000000, 0x00000007be100000, 0x00000007c0000000)
  eden space 300032K, 0% used [0x00000007a0000000,0x00000007a0000000,0x00000007b2500000)
  from space 93696K, 13% used [0x00000007b8580000,0x00000007b923a2a8,0x00000007be100000)
  to   space 96256K, 0% used [0x00000007b2500000,0x00000007b2500000,0x00000007b8300000)
 ParOldGen       total 103936K, used 35981K [0x0000000760000000, 0x0000000766580000, 0x00000007a0000000)
  object space 103936K, 34% used [0x0000000760000000,0x00000007623237f8,0x0000000766580000)
 Metaspace       used 72506K, capacity 74326K, committed 74752K, reserved 1114112K
  class space    used 9689K, capacity 10129K, committed 10240K, reserved 1048576K
Event: 3062.655 GC heap after
Heap after GC invocations=72 (full 14):
 PSYoungGen      total 393728K, used 0K [0x00000007a0000000, 0x00000007be100000, 0x00000007c0000000)
  eden space 300032K, 0% used [0x00000007a0000000,0x00000007a0000000,0x00000007b2500000)
  from space 93696K, 0% used [0x00000007b8580000,0x00000007b8580000,0x00000007be100000)
  to   space 96256K, 0% used [0x00000007b2500000,0x00000007b2500000,0x00000007b8300000)
 ParOldGen       total 103936K, used 48380K [0x0000000760000000, 0x0000000766580000, 0x00000007a0000000)
  object space 103936K, 46% used [0x0000000760000000,0x0000000762f3f158,0x0000000766580000)
 Metaspace       used 72506K, capacity 74326K, committed 74752K, reserved 1114112K
  class space    used 9689K, capacity 10129K, committed 10240K, reserved 1048576K
}
Event: 3261.738 GC heap before
{Heap before GC invocations=73 (full 14):
 PSYoungGen      total 393728K, used 119153K [0x00000007a0000000, 0x00000007be100000, 0x00000007c0000000)
  eden space 300032K, 39% used [0x00000007a0000000,0x00000007a745c6a8,0x00000007b2500000)
  from space 93696K, 0% used [0x00000007b8580000,0x00000007b8580000,0x00000007be100000)
  to   space 96256K, 0% used [0x00000007b2500000,0x00000007b2500000,0x00000007b8300000)
 ParOldGen       total 103936K, used 48380K [0x0000000760000000, 0x0000000766580000, 0x00000007a0000000)
  object space 103936K, 46% used [0x0000000760000000,0x0000000762f3f158,0x0000000766580000)
 Metaspace       used 73003K, capacity 75154K, committed 75392K, reserved 1114112K
  class space    used 9748K, capacity 10268K, committed 10368K, reserved 1048576K
Event: 3261.743 GC heap after
Heap after GC invocations=73 (full 14):
 PSYoungGen      total 302080K, used 1623K [0x00000007a0000000, 0x00000007be000000, 0x00000007c0000000)
  eden space 300032K, 0% used [0x00000007a0000000,0x00000007a0000000,0x00000007b2500000)
  from space 2048K, 79% used [0x00000007b2500000,0x00000007b2695e90,0x00000007b2700000)
  to   space 95744K, 0% used [0x00000007b8280000,0x00000007b8280000,0x00000007be000000)
 ParOldGen       total 103936K, used 48388K [0x0000000760000000, 0x0000000766580000, 0x00000007a0000000)
  object space 103936K, 46% used [0x0000000760000000,0x0000000762f41158,0x0000000766580000)
 Metaspace       used 73003K, capacity 75154K, committed 75392K, reserved 1114112K
  class space    used 9748K, capacity 10268K, committed 10368K, reserved 1048576K
}
Event: 3261.743 GC heap before
{Heap before GC invocations=74 (full 15):
 PSYoungGen      total 302080K, used 1623K [0x00000007a0000000, 0x00000007be000000, 0x00000007c0000000)
  eden space 300032K, 0% used [0x00000007a0000000,0x00000007a0000000,0x00000007b2500000)
  from space 2048K, 79% used [0x00000007b2500000,0x00000007b2695e90,0x00000007b2700000)
  to   space 95744K, 0% used [0x00000007b8280000,0x00000007b8280000,0x00000007be000000)
 ParOldGen       total 103936K, used 48388K [0x0000000760000000, 0x0000000766580000, 0x00000007a0000000)
  object space 103936K, 46% used [0x0000000760000000,0x0000000762f41158,0x0000000766580000)
 Metaspace       used 73003K, capacity 75154K, committed 75392K, reserved 1114112K
  class space    used 9748K, capacity 10268K, committed 10368K, reserved 1048576K
Event: 3262.065 GC heap after
Heap after GC invocations=74 (full 15):
 PSYoungGen      total 302080K, used 0K [0x00000007a0000000, 0x00000007be000000, 0x00000007c0000000)
  eden space 300032K, 0% used [0x00000007a0000000,0x00000007a0000000,0x00000007b2500000)
  from space 2048K, 0% used [0x00000007b2500000,0x00000007b2500000,0x00000007b2700000)
  to   space 95744K, 0% used [0x00000007b8280000,0x00000007b8280000,0x00000007be000000)
 ParOldGen       total 103936K, used 44040K [0x0000000760000000, 0x0000000766580000, 0x00000007a0000000)
  object space 103936K, 42% used [0x0000000760000000,0x0000000762b02210,0x0000000766580000)
 Metaspace       used 73003K, capacity 75154K, committed 75392K, reserved 1114112K
  class space    used 9748K, capacity 10268K, committed 10368K, reserved 1048576K
}

